Build started 2015/2/4 17:09:11.
     1>Project "F:\project\EulerOperatio\EulerOperation\EulerOperation.vcxproj" on node 2 (Build target(s)).
     1>ClCompile:
         C:\Program Files (x86)\Microsoft Visual Studio 11.0\VC\bin\CL.exe /c /ZI /nologo /W3 /WX- /Od /Oy- /D WIN32 /D _DEBUG /D _CONSOLE /D _UNICODE /D UNICODE /Gm /EHsc /RTC1 /MDd /GS /fp:precise /Zc:wchar_t /Zc:forScope /Fo"Debug\\" /Fd"Debug\vc110.pdb" /Gd /TP /analyze- /errorReport:prompt DrawUtility.cpp Euler.cpp
         Euler.cpp
     1>f:\project\euleroperatio\euleroperation\euleroperation.h(321): warning C4101: 'tmpE' : unreferenced local variable
     1>f:\project\euleroperatio\euleroperation\euleroperation.h(321): warning C4101: 'firE' : unreferenced local variable
     1>f:\project\euleroperatio\euleroperation\euleroperation.h(369): warning C4101: 'firV' : unreferenced local variable
     1>f:\project\euleroperatio\euleroperation\euleroperation.h(369): warning C4101: 'tmpV' : unreferenced local variable
     1>f:\project\euleroperatio\euleroperation\euleroperation.h(368): warning C4101: 'tmpE' : unreferenced local variable
     1>f:\project\euleroperatio\euleroperation\euleroperation.h(368): warning C4101: 'firE' : unreferenced local variable
     1>f:\project\euleroperatio\euleroperation\euleroperationutility.h(20): warning C4996: 'fopen': This function or variable may be unsafe. Consider using fopen_s instead. To disable deprecation, use _CRT_SECURE_NO_WARNINGS. See online help for details.
                 c:\program files (x86)\microsoft visual studio 11.0\vc\include\stdio.h(218) : see declaration of 'fopen'
     1>f:\project\euleroperatio\euleroperation\euler.cpp(54): warning C4101: 'loop2' : unreferenced local variable
     1>f:\project\euleroperatio\euleroperation\euler.cpp(54): warning C4101: 'loop3' : unreferenced local variable
     1>f:\project\euleroperatio\euleroperation\euler.cpp(97): warning C4101: 'vtx4' : unreferenced local variable
         DrawUtility.cpp
         Generating Code...
       Link:
         C:\Program Files (x86)\Microsoft Visual Studio 11.0\VC\bin\link.exe /ERRORREPORT:PROMPT /OUT:"F:\project\EulerOperatio\Debug\EulerOperation.exe" /INCREMENTAL /NOLOGO glew32.lib kernel32.lib user32.lib gdi32.lib winspool.lib comdlg32.lib advapi32.lib shell32.lib ole32.lib oleaut32.lib uuid.lib odbc32.lib odbccp32.lib /MANIFEST /MANIFESTUAC:"level='asInvoker' uiAccess='false'" /manifest:embed /DEBUG /PDB:"F:\project\EulerOperatio\Debug\EulerOperation.pdb" /SUBSYSTEM:CONSOLE /TLBID:1 /DYNAMICBASE /NXCOMPAT /IMPLIB:"F:\project\EulerOperatio\Debug\EulerOperation.lib" /MACHINE:X86 Debug\Euler.obj
         Debug\SceneDisplay.obj
         Debug\DrawUtility.obj
         EulerOperation.vcxproj -> F:\project\EulerOperatio\Debug\EulerOperation.exe
     1>Done Building Project "F:\project\EulerOperatio\EulerOperation\EulerOperation.vcxproj" (Build target(s)).

Build succeeded.

Time Elapsed 00:00:01.41
